Build started 29/11/2015 11:16:03.
     1>Project "C:\Users\David\Documents\GitHub\Game2D\SDL Game\SDL Game.vcxproj" on node 2 (Build target(s)).
     1>ClCompile:
         C:\Program Files (x86)\Microsoft Visual Studio 12.0\VC\bin\CL.exe /c /ZI /nologo /W3 /WX- /sdl- /Od /Oy- /D _MBCS /Gm /EHsc /RTC1 /MDd /GS /fp:precise /Zc:wchar_t /Zc:forScope /Fo"Debug\\" /Fd"Debug\vc120.pdb" /Gd /TP /analyze- /errorReport:prompt Application.cpp Main.cpp ModuleInput.cpp ModuleRender.cpp ModuleScene.cpp ModuleTextures.cpp ModuleWindow.cpp
         ModuleScene.cpp
         Application.cpp
         Generating Code...
         Compiling...
         ModuleWindow.cpp
         ModuleTextures.cpp
         ModuleRender.cpp
         ModuleInput.cpp
         Main.cpp
         Generating Code...
       Link:
         C:\Program Files (x86)\Microsoft Visual Studio 12.0\VC\bin\link.exe /ERRORREPORT:PROMPT /OUT:"C:\Users\David\Documents\GitHub\Game2D\SDL Game\Debug\SDL Game - Master 1.exe" /INCREMENTAL /NOLOGO kernel32.lib user32.lib gdi32.lib winspool.lib comdlg32.lib advapi32.lib shell32.lib ole32.lib oleaut32.lib uuid.lib odbc32.lib odbccp32.lib /MANIFEST /MANIFESTUAC:"level='asInvoker' uiAccess='false'" /manifest:embed /DEBUG /PDB:"C:\Users\David\Documents\GitHub\Game2D\SDL Game\Debug\SDL Game - Master 1.pdb" /SUBSYSTEM:WINDOWS /TLBID:1 /DYNAMICBASE /NXCOMPAT /IMPLIB:"C:\Users\David\Documents\GitHub\Game2D\SDL Game\Debug\SDL Game - Master 1.lib" /MACHINE:X86 Debug\Application.obj
         Debug\log.obj
         Debug\Main.obj
         Debug\ModuleInput.obj
         Debug\ModuleRender.obj
         Debug\ModuleScene.obj
         Debug\ModuleTextures.obj
         Debug\ModuleWindow.obj
     1>MSVCRTD.lib(cinitexe.obj) : warning LNK4098: defaultlib 'msvcrt.lib' conflicts with use of other libs; use /NODEFAULTLIB:library
         SDL Game.vcxproj -> C:\Users\David\Documents\GitHub\Game2D\SDL Game\Debug\SDL Game - Master 1.exe
     1>Done Building Project "C:\Users\David\Documents\GitHub\Game2D\SDL Game\SDL Game.vcxproj" (Build target(s)).

Build succeeded.

Time Elapsed 00:00:02.75
